Jul 21 16:37:53 ubuntu-4gb-fsn1-1 systemd[1]: Started greener.service - Greener bot (LIVE) — 2L/2S: liq-gated fade + E5 squeeze-fade shorts, snap + dip longs.
Jul 21 16:37:54 ubuntu-4gb-fsn1-1 python3[487098]: [2026-07-21 16:37:54] GREENER BOT (🔴 LIVE) start — eq $72.69 | 4 slots (dip≤1/fade≤1/sqf≤1/mom≤2/snap≤1, 🔒total-long≤2) 3x | S1-LIQGATE@fill≥$1,000 | E5-SQF ON (S5≥$12,000 hold60m SL+4%) | DIP=maker dip-buy (TP+3.0% trail@0.8%/0.3%) | FADE=1h+15m (R3.0 trail@1%/0.5%) | MOM=OFF | SNAP=liq-snapback (A: THR$400k TP+0.8% cap1 liq-top40) | FUND-B=snap<0.1/fade>0.9 x1.5 | TREND=OFF | E=Kelly1.0 | hedge=True
Jul 21 16:38:32 ubuntu-4gb-fsn1-1 python3[487098]: [2026-07-21 16:38:32] L-LIQ-SIZEUP LDOUSDT: long-liq20 $326 (moderate flush <$800) -> size x1.5 (m_mult 1.50)
Jul 21 16:38:33 ubuntu-4gb-fsn1-1 python3[487098]: [2026-07-21 16:38:33] L LIMIT-BUY reject LDOUSDT: {"code":-5022,"msg":"Due to the order could not be executed as maker, the Post O
Jul 21 16:38:33 ubuntu-4gb-fsn1-1 python3[487098]: [2026-07-21 16:38:33] L-WICK-VETO ADAUSDT: lower-wick 0.11 < 0.15 (sellers-only knife) — skip arm
Jul 21 16:45:24 ubuntu-4gb-fsn1-1 python3[487098]: [2026-07-21 16:45:24] L-WICK-VETO LDOUSDT: lower-wick 0.03 < 0.15 (sellers-only knife) — skip arm
Jul 21 16:45:26 ubuntu-4gb-fsn1-1 python3[487098]: [2026-07-21 16:45:26] L-ARM ADAUSDT: dip BUY 315.0 @ 0.1729 (-1.2%) RS +6% | 1/4 (L1/S0)
Jul 21 16:46:45 ubuntu-4gb-fsn1-1 python3[487098]: [2026-07-21 16:46:45] S-ARM OPNUSDT [15m] retest SELL 754.0 @ 0.0723 pump+1.1% c7d+16% SL+1.5% | 2/4 (L1/S1)
Jul 21 16:46:56 ubuntu-4gb-fsn1-1 python3[487098]: [2026-07-21 16:46:56] L-FILL ADAUSDT @ 0.1729 TP 0.178087 SL 0.172727 [LONG OPEN]
Jul 21 16:55:09 ubuntu-4gb-fsn1-1 python3[487098]: [2026-07-21 16:55:09] SQF-ARM AKEUSDT: squeeze SELL 32674.0 @ 0.0016682 S5 $18,282 S15/L15 $18,282/$75 pump+6.6%
Jul 21 16:55:10 ubuntu-4gb-fsn1-1 python3[487098]: [2026-07-21 16:55:10] SQF-FILL AKEUSDT @ 0.0016522 SL 0.0017182 (+4%) hold 60m [SQUEEZE OPEN] | 3/4 (L1/S1/SQ1)
Jul 21 16:59:42 ubuntu-4gb-fsn1-1 python3[487098]: [2026-07-21 16:59:42] S-RUNAWAY OPNUSDT: ran -4.1% from retest 0.0723 — cancel & free slot | 2/4
Jul 21 17:09:45 ubuntu-4gb-fsn1-1 python3[487098]: [2026-07-21 17:09:45] SQUEEZE-CLOSE AKEUSDT @ 0.0017197 (SL -4.19% = $-2.259) | 0W/1L realized $-2.26
Jul 21 17:09:45 ubuntu-4gb-fsn1-1 python3[487098]: [2026-07-21 17:09:45] SQF-CLOSE AKEUSDT @ 0.0017197 (SL)
Jul 21 17:17:06 ubuntu-4gb-fsn1-1 python3[487098]: [2026-07-21 17:17:06] SQF-ARM ONEUSDT: squeeze SELL 33319.0 @ 0.001585 S5 $14,033 S15/L15 $16,231/$5,741 pump+2.0%
Jul 21 17:17:07 ubuntu-4gb-fsn1-1 python3[487098]: [2026-07-21 17:17:07] SQF-FILL ONEUSDT @ 0.001585 SL 0.001648 (+4%) hold 60m [SQUEEZE OPEN] | 2/4 (L1/S0/SQ1)
Jul 21 17:47:35 ubuntu-4gb-fsn1-1 python3[487098]: [2026-07-21 17:47:35] LONG-CLOSE ADAUSDT @ 0.1725 (SL -0.30% = $-0.164) | 0W/2L realized $-2.42
Jul 21 17:49:03 ubuntu-4gb-fsn1-1 python3[487098]: [2026-07-21 17:49:03] A-ARM ETHUSDT: snap BUY 0.027 @ 1916.69 liq-flush stop 1897.52 tp 1932.02 | 2/4 (L0/S0/A1)
Jul 21 17:53:05 ubuntu-4gb-fsn1-1 python3[487098]: [2026-07-21 17:53:05] L-ARM VVVUSDT: dip BUY 4.23 @ 12.432 (-1.2%) RS +13% | 3/4 (L1/S0)
Jul 21 17:54:22 ubuntu-4gb-fsn1-1 python3[487098]: [2026-07-21 17:54:22] A-EXPIRE ETHUSDT unfilled
Jul 21 17:55:24 ubuntu-4gb-fsn1-1 python3[487098]: [2026-07-21 17:55:24] G-VETO VVVUSDT: slow approach (win-high +0.20% < 1.2%) — cancel grind fill | 1/4
Jul 21 17:56:03 ubuntu-4gb-fsn1-1 python3[487098]: [2026-07-21 17:56:03] A-REJECT ETHUSDT: {'_error': 400, '_body': '{"code":-5022,"msg":"Due to the order could not be executed as maker, the Post Only order will be rejected. The order will not be recorded in the order history"}'}
Jul 21 17:57:05 ubuntu-4gb-fsn1-1 python3[487098]: [2026-07-21 17:57:05] A-REJECT ETHUSDT: {'_error': 400, '_body': '{"code":-5022,"msg":"Due to the order could not be executed as maker, the Post Only order will be rejected. The order will not be recorded in the order history"}'}
Jul 21 17:59:51 ubuntu-4gb-fsn1-1 python3[487098]: [2026-07-21 17:59:51] L-WICK-VETO VVVUSDT: lower-wick 0.11 < 0.15 (sellers-only knife) — skip arm
Jul 21 17:59:51 ubuntu-4gb-fsn1-1 python3[487098]: [2026-07-21 17:59:51] L-WICK-VETO ADAUSDT: lower-wick 0.05 < 0.15 (sellers-only knife) — skip arm
Jul 21 18:03:06 ubuntu-4gb-fsn1-1 python3[487098]: [2026-07-21 18:03:06] A-REJECT ETHUSDT: {'_error': 400, '_body': '{"code":-5022,"msg":"Due to the order could not be executed as maker, the Post Only order will be rejected. The order will not be recorded in the order history"}'}
Jul 21 18:05:07 ubuntu-4gb-fsn1-1 python3[487098]: [2026-07-21 18:05:07] A-ARM ETHUSDT: snap BUY 0.027 @ 1918.9 liq-flush stop 1899.71 tp 1934.25 | 2/4 (L0/S0/A1)
Jul 21 18:05:12 ubuntu-4gb-fsn1-1 python3[487098]: [2026-07-21 18:05:12] A-FILL ETHUSDT @ 1918.9 [SNAP OPEN]
Jul 21 18:07:01 ubuntu-4gb-fsn1-1 python3[487098]: [2026-07-21 18:07:01] L-FUND-SIZEUP ERAUSDT: funding pct 0.01 <= 0.1 (crowded-short squeeze fuel) -> size x1.5 (m_mult 1.50)
Jul 21 18:07:02 ubuntu-4gb-fsn1-1 python3[487098]: [2026-07-21 18:07:02] L LIMIT-BUY reject ERAUSDT: {"code":-5022,"msg":"Due to the order could not be executed as maker, the Post O
Jul 21 18:07:03 ubuntu-4gb-fsn1-1 python3[487098]: [2026-07-21 18:07:03] L-ARM ADAUSDT: dip BUY 307.0 @ 0.1712 (-1.2%) RS +6% | 3/4 (L1/S0)
Jul 21 18:17:12 ubuntu-4gb-fsn1-1 python3[487098]: [2026-07-21 18:17:12] SQUEEZE-CLOSE ONEUSDT @ 0.00156764 (TIME +1.00% = $+0.526) | 1W/2L realized $-1.90
Jul 21 18:17:13 ubuntu-4gb-fsn1-1 python3[487098]: [2026-07-21 18:17:13] SQF-CLOSE ONEUSDT @ 0.00156764 (TIME)
Jul 21 18:35:18 ubuntu-4gb-fsn1-1 python3[487098]: [2026-07-21 18:35:18] SNAP-CLOSE ETHUSDT @ 1918.95 (TIME -0.07% = $-0.035) | 1W/3L realized $-1.93
Jul 21 18:49:08 ubuntu-4gb-fsn1-1 python3[487098]: [2026-07-21 18:49:08] SQF-ARM FILUSDT: squeeze SELL 68.4 @ 0.7759 S5 $44,280 S15/L15 $44,311/$0 pump+1.4%
Jul 21 18:49:09 ubuntu-4gb-fsn1-1 python3[487098]: [2026-07-21 18:49:09] SQF-FILL FILUSDT @ 0.7764 SL 0.8074 (+4%) hold 60m [SQUEEZE OPEN] | 2/4 (L1/S0/SQ1)
Jul 21 19:24:03 ubuntu-4gb-fsn1-1 python3[487098]: [2026-07-21 19:24:03] S-ARM TLMUSDT [15m] retest SELL 27748.0 @ 0.001912 pump+1.4% c7d+11% SL+1.5% | 3/4 (L1/S1)
Jul 21 19:24:59 ubuntu-4gb-fsn1-1 python3[487098]: [2026-07-21 19:24:59] S-RUNAWAY TLMUSDT: ran -4.0% from retest 0.001912 — cancel & free slot | 2/4
Jul 21 19:49:45 ubuntu-4gb-fsn1-1 python3[487098]: [2026-07-21 19:49:45] SQUEEZE-CLOSE FILUSDT @ 0.7759 (TIME -0.04% = $-0.019) | 1W/4L realized $-1.95
Jul 21 19:49:45 ubuntu-4gb-fsn1-1 python3[487098]: [2026-07-21 19:49:45] SQF-CLOSE FILUSDT @ 0.7759 (TIME)
Jul 21 19:49:48 ubuntu-4gb-fsn1-1 python3[487098]: [2026-07-21 19:49:48] SQF-ARM BEATUSDT: squeeze SELL 20.0 @ 2.623 S5 $12,926 S15/L15 $15,214/$0 pump+3.6%
Jul 21 19:49:49 ubuntu-4gb-fsn1-1 python3[487098]: [2026-07-21 19:49:49] SQF-FILL BEATUSDT @ 2.62 SL 2.724 (+4%) hold 60m [SQUEEZE OPEN] | 2/4 (L1/S0/SQ1)
Jul 21 20:49:51 ubuntu-4gb-fsn1-1 python3[487098]: [2026-07-21 20:49:51] SQUEEZE-CLOSE BEATUSDT @ 2.684 (TIME -2.54% = $-1.332) | 1W/5L realized $-3.28
Jul 21 20:49:51 ubuntu-4gb-fsn1-1 python3[487098]: [2026-07-21 20:49:51] SQF-CLOSE BEATUSDT @ 2.684 (TIME)
Jul 21 20:49:54 ubuntu-4gb-fsn1-1 python3[487098]: [2026-07-21 20:49:54] SQF-ARM PUMPUSDT: squeeze SELL 25799.0 @ 0.002056 S5 $18,417 S15/L15 $18,417/$0 pump+1.1%
Jul 21 20:49:55 ubuntu-4gb-fsn1-1 python3[487098]: [2026-07-21 20:49:55] SQF-FILL PUMPUSDT @ 0.002054 SL 0.002136 (+4%) hold 60m [SQUEEZE OPEN] | 2/4 (L1/S0/SQ1)
Jul 21 21:50:27 ubuntu-4gb-fsn1-1 python3[487098]: [2026-07-21 21:50:27] SQUEEZE-CLOSE PUMPUSDT @ 0.002015 (TIME +1.80% = $+0.953) | 2W/5L realized $-2.33
Jul 21 21:50:37 ubuntu-4gb-fsn1-1 python3[487098]: [2026-07-21 21:50:37] SQF-CLOSE PUMPUSDT @ 0.002015 (TIME)
Jul 21 22:01:40 ubuntu-4gb-fsn1-1 python3[487098]: [2026-07-21 22:01:40] L-DROP ADAUSDT: no longer qualifies — cancel resting dip limit | 0/4
Jul 21 22:02:13 ubuntu-4gb-fsn1-1 python3[487098]: [2026-07-21 22:02:13] L-BID-REPRICE ONDOUSDT: shallow reject (mkt 0.3932) -> re-placed maker @ 0.3931
Jul 21 22:02:13 ubuntu-4gb-fsn1-1 python3[487098]: [2026-07-21 22:02:13] L-ARM ONDOUSDT: dip BUY 134.2 @ 0.3931 (-1.2%) RS +26% | 1/4 (L1/S0)
Jul 21 22:03:33 ubuntu-4gb-fsn1-1 python3[487098]: [2026-07-21 22:03:33] L-FILL ONDOUSDT @ 0.3931 TP 0.404893 SL 0.392707 [LONG OPEN]
Jul 21 22:11:05 ubuntu-4gb-fsn1-1 python3[487098]: [2026-07-21 22:11:05] SQF-ARM AKEUSDT: squeeze SELL 30038.0 @ 0.0017568 S5 $24,219 S15/L15 $24,219/$0 pump+4.9%
Jul 21 22:11:07 ubuntu-4gb-fsn1-1 python3[487098]: [2026-07-21 22:11:07] SQF-FILL AKEUSDT @ 0.001752 SL 0.001822 (+4%) hold 60m [SQUEEZE OPEN] | 2/4 (L1/S0/SQ1)
Jul 21 22:35:46 ubuntu-4gb-fsn1-1 python3[487098]: [2026-07-21 22:35:46] LONG-CLOSE ONDOUSDT @ 0.3962 (TRAIL +0.72% = $+0.379) | 3W/5L realized $-1.95
Jul 21 22:40:29 ubuntu-4gb-fsn1-1 python3[487098]: [2026-07-21 22:40:29] L-ARM ONDOUSDT: dip BUY 134.7 @ 0.3936 (-1.2%) RS +26% | 2/4 (L1/S0)
Jul 21 23:11:09 ubuntu-4gb-fsn1-1 python3[487098]: [2026-07-21 23:11:09] SQUEEZE-CLOSE AKEUSDT @ 0.0017014 (TIME +2.79% = $+1.467) | 4W/5L realized $-0.48
Jul 21 23:11:09 ubuntu-4gb-fsn1-1 python3[487098]: [2026-07-21 23:11:09] SQF-CLOSE AKEUSDT @ 0.0017014 (TIME)
Jul 21 23:36:05 ubuntu-4gb-fsn1-1 python3[487098]: [2026-07-21 23:36:05] SQF-ARM BANKUSDT: squeeze SELL 301.0 @ 0.17972 S5 $15,438 S15/L15 $21,867/$93 pump+1.8%
Jul 21 23:36:06 ubuntu-4gb-fsn1-1 python3[487098]: [2026-07-21 23:36:06] SQF-FILL BANKUSDT @ 0.17988 SL 0.18707 (+4%) hold 60m [SQUEEZE OPEN] | 2/4 (L1/S0/SQ1)
Jul 22 00:00:25 ubuntu-4gb-fsn1-1 python3[487098]: [2026-07-22 00:00:25] SQUEEZE-CLOSE BANKUSDT @ 0.187199 (SL -4.17% = $-2.257) | 4W/6L realized $-2.74
Jul 22 00:00:25 ubuntu-4gb-fsn1-1 python3[487098]: [2026-07-22 00:00:25] SQF-CLOSE BANKUSDT @ 0.187199 (SL)
Jul 22 00:19:09 ubuntu-4gb-fsn1-1 python3[487098]: [2026-07-22 00:19:09] SQF-ARM RIFUSDT: squeeze SELL 642.0 @ 0.08168 S5 $20,066 S15/L15 $21,270/$4,854 pump+9.3%
Jul 22 00:19:10 ubuntu-4gb-fsn1-1 python3[487098]: [2026-07-22 00:19:10] SQF-FILL RIFUSDT @ 0.0809543 SL 0.08419 (+4%) hold 60m [SQUEEZE OPEN] | 2/4 (L1/S0/SQ1)
Jul 22 00:29:17 ubuntu-4gb-fsn1-1 python3[487098]: [2026-07-22 00:29:17] S-ARM KAITOUSDT [15m] retest SELL 52.9 @ 0.9899 pump+1.8% c7d+25% SL+1.5% | 3/4 (L1/S1)
Jul 22 01:04:45 ubuntu-4gb-fsn1-1 python3[487098]: [2026-07-22 01:04:45] L-DROP ONDOUSDT: no longer qualifies — cancel resting dip limit | 2/4
Jul 22 01:17:37 ubuntu-4gb-fsn1-1 python3[487098]: [2026-07-22 01:17:37] S-LIQDROP KAITOUSDT: liq30 $0 < $1,000 — catalyst died, cancelling retest | 2/4
Jul 22 01:19:16 ubuntu-4gb-fsn1-1 python3[487098]: [2026-07-22 01:19:16] SQUEEZE-CLOSE RIFUSDT @ 0.0717249 (TIME +11.30% = $+5.873) | 5W/6L realized $+3.13
Jul 22 01:19:16 ubuntu-4gb-fsn1-1 python3[487098]: [2026-07-22 01:19:16] SQF-CLOSE RIFUSDT @ 0.0717249 (TIME)
Jul 22 01:51:11 ubuntu-4gb-fsn1-1 python3[487098]: [2026-07-22 01:51:11] S-ARM MIRAUSDT [15m] retest SELL 1152.0 @ 0.04934 pump+1.2% c7d+13% SL+1.5% | 1/4 (L0/S1)
Jul 22 01:57:58 ubuntu-4gb-fsn1-1 python3[487098]: [2026-07-22 01:57:58] S-LIQDROP MIRAUSDT: liq30 $914 < $1,000 — catalyst died, cancelling retest | 1/4
Jul 22 02:02:29 ubuntu-4gb-fsn1-1 python3[487098]: [2026-07-22 02:02:29] L-ARM METUSDT: dip BUY 345.0 @ 0.1646 (-1.2%) RS +3% | 1/4 (L1/S0)
Jul 22 02:03:50 ubuntu-4gb-fsn1-1 python3[487098]: [2026-07-22 02:03:50] S-ARM XMRUSDT [1h] retest SELL 0.158 @ 358.6 pump+1.4% c7d+8% SL+1.5% | 2/4 (L1/S1)
Jul 22 02:17:47 ubuntu-4gb-fsn1-1 python3[487098]: [2026-07-22 02:17:47] S-FILL XMRUSDT [1h] @ 358.6 TP 356.8 SL 363.97 [SHORT OPEN]
Jul 22 02:30:08 ubuntu-4gb-fsn1-1 python3[487098]: [2026-07-22 02:30:08] SQF-ARM 1000XECUSDT: squeeze SELL 7298.0 @ 0.007792 S5 $13,833 S15/L15 $13,833/$274 pump+3.0%
Jul 22 02:30:09 ubuntu-4gb-fsn1-1 python3[487098]: [2026-07-22 02:30:09] SQF-FILL 1000XECUSDT @ 0.007783 SL 0.008094 (+4%) hold 60m [SQUEEZE OPEN] | 3/4 (L1/S1/SQ1)
Jul 22 02:38:25 ubuntu-4gb-fsn1-1 python3[487098]: [2026-07-22 02:38:25] SHORT-CLOSE XMRUSDT @ 356.8 (TP +0.46% = $+0.262) | 6W/6L realized $+3.39
Jul 22 02:47:13 ubuntu-4gb-fsn1-1 python3[487098]: [2026-07-22 02:47:13] L-FILL METUSDT @ 0.1646 TP 0.169538 SL 0.162954 [LONG OPEN]
Jul 22 02:49:48 ubuntu-4gb-fsn1-1 python3[487098]: [2026-07-22 02:49:48] LONG-CLOSE METUSDT @ 0.1624 (SL -1.41% = $-0.799) | 6W/7L realized $+2.59
Jul 22 02:52:44 ubuntu-4gb-fsn1-1 python3[487098]: [2026-07-22 02:52:44] L LIMIT-BUY reject METUSDT: {"code":-5022,"msg":"Due to the order could not be executed as maker, the Post O
Jul 22 02:59:30 ubuntu-4gb-fsn1-1 python3[487098]: [2026-07-22 02:59:30] L-WICK-VETO METUSDT: lower-wick 0.06 < 0.15 (sellers-only knife) — skip arm
Jul 22 03:06:25 ubuntu-4gb-fsn1-1 python3[487098]: [2026-07-22 03:06:25] L-ARM ZBTUSDT: dip BUY 567.0 @ 0.09944 (-1.2%) RS +3% | 2/4 (L1/S0)
Jul 22 03:07:34 ubuntu-4gb-fsn1-1 python3[487098]: [2026-07-22 03:07:34] S-ARM MIRAUSDT [1h] retest SELL 1144.0 @ 0.04934 pump+1.2% c7d+15% SL+1.5% | 3/4 (L1/S1)
Jul 22 03:11:32 ubuntu-4gb-fsn1-1 python3[487098]: [2026-07-22 03:11:32] L-FILL ZBTUSDT @ 0.09944 TP 0.102423 SL 0.0984456 [LONG OPEN]
Jul 22 03:30:12 ubuntu-4gb-fsn1-1 python3[487098]: [2026-07-22 03:30:12] SQUEEZE-CLOSE 1000XECUSDT @ 0.00785395 (TIME -1.01% = $-0.575) | 6W/8L realized $+2.02
Jul 22 03:30:12 ubuntu-4gb-fsn1-1 python3[487098]: [2026-07-22 03:30:12] SQF-CLOSE 1000XECUSDT @ 0.00785395 (TIME)
Jul 22 03:30:25 ubuntu-4gb-fsn1-1 python3[487098]: [2026-07-22 03:30:25] LONG-CLOSE ZBTUSDT @ 0.10089 (TRAIL +1.39% = $+0.783) | 7W/8L realized $+2.80
Jul 22 03:32:43 ubuntu-4gb-fsn1-1 python3[487098]: [2026-07-22 03:32:43] S-RUNAWAY MIRAUSDT: ran -4.1% from retest 0.04934 — cancel & free slot | 0/4
Jul 22 03:33:27 ubuntu-4gb-fsn1-1 python3[487098]: [2026-07-22 03:33:27] L-ARM ZBTUSDT: dip BUY 569.0 @ 0.09944 (-1.2%) RS +3% | 1/4 (L1/S0)
Jul 22 03:38:08 ubuntu-4gb-fsn1-1 python3[487098]: [2026-07-22 03:38:08] SQF-ARM BANKUSDT: squeeze SELL 291.0 @ 0.19448 S5 $81,772 S15/L15 $166,690/$30,405 pump+8.3%
Jul 22 03:38:09 ubuntu-4gb-fsn1-1 python3[487098]: [2026-07-22 03:38:09] SQF-FILL BANKUSDT @ 0.19406 SL 0.20182 (+4%) hold 60m [SQUEEZE OPEN] | 2/4 (L1/S0/SQ1)
Jul 22 03:41:07 ubuntu-4gb-fsn1-1 python3[487098]: [2026-07-22 03:41:07] SQUEEZE-CLOSE BANKUSDT @ 0.201958 (SL -4.17% = $-2.355) | 7W/9L realized $+0.45
Jul 22 03:41:08 ubuntu-4gb-fsn1-1 python3[487098]: [2026-07-22 03:41:08] SQF-CLOSE BANKUSDT @ 0.201958 (SL)
Jul 22 03:42:05 ubuntu-4gb-fsn1-1 python3[487098]: [2026-07-22 03:42:05] SQF-ARM 1000XECUSDT: squeeze SELL 6717.0 @ 0.008167 S5 $12,520 S15/L15 $12,559/$15 pump+5.0%
Jul 22 03:42:06 ubuntu-4gb-fsn1-1 python3[487098]: [2026-07-22 03:42:06] SQF-FILL 1000XECUSDT @ 0.0082094 SL 0.008537 (+4%) hold 60m [SQUEEZE OPEN] | 2/4 (L1/S0/SQ1)
Jul 22 04:25:44 ubuntu-4gb-fsn1-1 python3[487098]: [2026-07-22 04:25:44] SQF-CLOSE-RETRY 1000XECUSDT: cover rejected ({"code":-2022,"msg":"ReduceOnly Order is rejected."}) — keeping position, retry next tick
Jul 22 04:25:50 ubuntu-4gb-fsn1-1 python3[487098]: [2026-07-22 04:25:50] SQUEEZE-CLOSE 1000XECUSDT @ 0.008539 (SL -4.11% = $-2.269) | 7W/10L realized $-1.82
Jul 22 04:25:50 ubuntu-4gb-fsn1-1 python3[487098]: [2026-07-22 04:25:50] SQF-CLOSE 1000XECUSDT @ 0.008539 (SL)
Jul 22 04:29:16 ubuntu-4gb-fsn1-1 python3[487098]: [2026-07-22 04:29:16] S-BOOK-PAUSE — 1 fade stops in 45m (book-wide squeeze guard), all fades paused 56m | 1/4
Jul 22 04:49:37 ubuntu-4gb-fsn1-1 python3[487098]: [2026-07-22 04:49:37] G-VETO ZBTUSDT: slow approach (win-high +0.93% < 1.2%) — cancel grind fill | 0/4
Jul 22 04:55:11 ubuntu-4gb-fsn1-1 python3[487098]: [2026-07-22 04:55:11] L LIMIT-BUY reject ZBTUSDT: {"code":-5022,"msg":"Due to the order could not be executed as maker, the Post O
Jul 22 05:34:05 ubuntu-4gb-fsn1-1 python3[487098]: [2026-07-22 05:34:05] SQF-ARM LABUSDT: squeeze SELL 277.0 @ 0.1913 S5 $14,411 S15/L15 $14,411/$0 pump+2.8%
Jul 22 05:34:06 ubuntu-4gb-fsn1-1 python3[487098]: [2026-07-22 05:34:06] SQF-FILL LABUSDT @ 0.1908 SL 0.1984 (+4%) hold 60m [SQUEEZE OPEN] | 1/4 (L0/S0/SQ1)
Jul 22 05:36:29 ubuntu-4gb-fsn1-1 python3[487098]: [2026-07-22 05:36:29] SQUEEZE-CLOSE LABUSDT @ 0.1893 (SL +0.69% = $+0.363) | 8W/10L realized $-1.46
Jul 22 05:36:29 ubuntu-4gb-fsn1-1 python3[487098]: [2026-07-22 05:36:29] SQF-CLOSE LABUSDT @ 0.1893 (SL)
Jul 22 06:02:12 ubuntu-4gb-fsn1-1 python3[487098]: [2026-07-22 06:02:12] L-ARM OPNUSDT: dip BUY 780.0 @ 0.06842 (-1.2%) RS +11% | 1/4 (L1/S0)
Jul 22 06:03:19 ubuntu-4gb-fsn1-1 python3[487098]: [2026-07-22 06:03:19] S-ARM ACEUSDT [15m] retest SELL 566.64 @ 0.09428 pump+1.8% c7d+31% SL+1.5% | 2/4 (L1/S1)
Jul 22 06:10:20 ubuntu-4gb-fsn1-1 python3[487098]: [2026-07-22 06:10:20] S-RUNAWAY ACEUSDT: ran -4.2% from retest 0.09428 — cancel & free slot | 1/4
Jul 22 06:12:06 ubuntu-4gb-fsn1-1 python3[487098]: [2026-07-22 06:12:06] SQF-ARM DODOXUSDT: squeeze SELL 2475.0 @ 0.021577 S5 $16,149 S15/L15 $27,032/$2,881 pump+11.4%
Jul 22 06:12:07 ubuntu-4gb-fsn1-1 python3[487098]: [2026-07-22 06:12:07] SQF-FILL DODOXUSDT @ 0.02151 SL 0.02237 (+4%) hold 60m [SQUEEZE OPEN] | 2/4 (L1/S0/SQ1)
Jul 22 06:16:42 ubuntu-4gb-fsn1-1 python3[487098]: [2026-07-22 06:16:42] SQUEEZE-CLOSE DODOXUSDT @ 0.021231 (SL +1.20% = $+0.637) | 9W/10L realized $-0.82
Jul 22 06:16:42 ubuntu-4gb-fsn1-1 python3[487098]: [2026-07-22 06:16:42] SQF-CLOSE DODOXUSDT @ 0.021231 (SL)
Jul 22 06:23:03 ubuntu-4gb-fsn1-1 python3[487098]: [2026-07-22 06:23:03] A-ARM SOLUSDT: snap BUY 0.69 @ 77.09 liq-flush stop 76.3191 tp 77.7067 | 2/4 (L1/S0/A1)
Jul 22 06:23:06 ubuntu-4gb-fsn1-1 python3[487098]: [2026-07-22 06:23:06] SQF-ARM BANKUSDT: squeeze SELL 303.0 @ 0.17747 S5 $23,474 S15/L15 $54,397/$26,068 pump+3.0%
Jul 22 06:23:07 ubuntu-4gb-fsn1-1 python3[487098]: [2026-07-22 06:23:07] SQF-FILL BANKUSDT @ 0.177692 SL 0.18479 (+4%) hold 60m [SQUEEZE OPEN] | 3/4 (L1/S0/SQ1)
Jul 22 06:26:01 ubuntu-4gb-fsn1-1 python3[487098]: [2026-07-22 06:26:01] SQUEEZE-CLOSE BANKUSDT @ 0.177324 (SL +0.11% = $+0.058) | 10W/10L realized $-0.76
Jul 22 06:26:01 ubuntu-4gb-fsn1-1 python3[487098]: [2026-07-22 06:26:01] SQF-CLOSE BANKUSDT @ 0.177324 (SL)
Jul 22 06:27:25 ubuntu-4gb-fsn1-1 python3[487098]: [2026-07-22 06:27:25] A-FILL SOLUSDT @ 77.09 [SNAP OPEN]
Jul 22 06:34:06 ubuntu-4gb-fsn1-1 python3[487098]: [2026-07-22 06:34:06] SQF-ARM DEXEUSDT: squeeze SELL 11.48 @ 4.698 S5 $18,352 S15/L15 $18,362/$294 pump+5.3%
Jul 22 06:34:08 ubuntu-4gb-fsn1-1 python3[487098]: [2026-07-22 06:34:08] SQF-FILL DEXEUSDT @ 4.697 SL 4.884 (+4%) hold 60m [SQUEEZE OPEN] | 3/4 (L1/S0/SQ1)
Jul 22 06:39:58 ubuntu-4gb-fsn1-1 python3[487098]: [2026-07-22 06:39:58] SQUEEZE-CLOSE DEXEUSDT @ 4.88572 (SL -4.12% = $-2.220) | 10W/11L realized $-2.98
Jul 22 06:39:58 ubuntu-4gb-fsn1-1 python3[487098]: [2026-07-22 06:39:58] SQF-CLOSE DEXEUSDT @ 4.88572 (SL)
Jul 22 06:41:36 ubuntu-4gb-fsn1-1 systemd[1]: Stopping greener.service - Greener bot (LIVE) — 2L/2S: liq-gated fade + E5 squeeze-fade shorts, snap + dip longs...
Jul 22 06:41:36 ubuntu-4gb-fsn1-1 systemd[1]: greener.service: Deactivated successfully.
Jul 22 06:41:36 ubuntu-4gb-fsn1-1 systemd[1]: Stopped greener.service - Greener bot (LIVE) — 2L/2S: liq-gated fade + E5 squeeze-fade shorts, snap + dip longs.
Jul 22 06:41:36 ubuntu-4gb-fsn1-1 systemd[1]: greener.service: Consumed 24min 28.889s CPU time over 14h 3min 43.261s wall clock time, 35.9M memory peak.
Jul 22 06:41:54 ubuntu-4gb-fsn1-1 systemd[1]: Started greener.service - Greener bot (LIVE) — 2L/2S: liq-gated fade + E5 squeeze-fade shorts, snap + dip longs.
Jul 22 06:41:55 ubuntu-4gb-fsn1-1 python3[511985]: [2026-07-22 06:41:55] GREENER BOT (🔴 LIVE) start — eq $69.76 | 4 slots (dip≤1/fade≤1/sqf≤1/mom≤2/snap≤1, 🔒total-long≤2) 3x | S1-LIQGATE@fill≥$1,000 | E5-SQF ON (S5≥$12,000 hold60m SL+4%) | DIP=maker dip-buy (TP+3.0% trail@0.8%/0.3%) | FADE=1h+15m (R3.0 trail@1%/0.5%) | MOM=OFF | SNAP=liq-snapback (A: THR$400k TP+0.8% cap1 liq-top40) | FUND-B=snap<0.1/fade>0.9 x1.5 | TREND=OFF | E=Kelly1.0 | hedge=True
Jul 22 06:41:55 ubuntu-4gb-fsn1-1 python3[511985]: [2026-07-22 06:41:55] reconcile: CANCEL orphan OPNUSDT BUY LIMIT oid=601145406 px=0.0684200 -> OK
Jul 22 06:41:57 ubuntu-4gb-fsn1-1 python3[511985]: [2026-07-22 06:41:57] reconcile: cancelled 1 orphan order(s) — exchange now matches bot state
Jul 22 06:42:33 ubuntu-4gb-fsn1-1 python3[511985]: [2026-07-22 06:42:33] L-WICK-VETO OPNUSDT: lower-wick 0.09 < 0.15 (sellers-only knife) — skip arm
Jul 22 06:42:34 ubuntu-4gb-fsn1-1 python3[511985]: [2026-07-22 06:42:34] L LIMIT-BUY reject ZBTUSDT: {"code":-5022,"msg":"Due to the order could not be executed as maker, the Post O
Jul 22 06:49:20 ubuntu-4gb-fsn1-1 python3[511985]: [2026-07-22 06:49:20] L-LIQ-SIZEUP OPNUSDT: long-liq20 $25 (moderate flush <$800) -> size x1.5 (m_mult 1.50)
Jul 22 06:49:20 ubuntu-4gb-fsn1-1 python3[511985]: [2026-07-22 06:49:20] L-ARM OPNUSDT: dip BUY 1147.0 @ 0.06842 (-1.2%) RS +11% | 1/4 (L1/S0)
Jul 22 07:35:17 ubuntu-4gb-fsn1-1 python3[511985]: [2026-07-22 07:35:17] L-FILL OPNUSDT @ 0.06842 TP 0.0704726 SL 0.0677358 [LONG OPEN]
Jul 22 07:35:44 ubuntu-4gb-fsn1-1 python3[511985]: [2026-07-22 07:35:44] LONG-CLOSE OPNUSDT @ 0.0687 (SL +0.34% = $+0.266) | 1W/0L realized $+0.27
Jul 22 07:40:15 ubuntu-4gb-fsn1-1 python3[511985]: [2026-07-22 07:40:15] L-WICK-VETO ZAMAUSDT: lower-wick 0.14 < 0.15 (sellers-only knife) — skip arm
Jul 22 07:40:16 ubuntu-4gb-fsn1-1 python3[511985]: [2026-07-22 07:40:16] L-LIQ-SIZEUP OPNUSDT: long-liq20 $8 (moderate flush <$800) -> size x1.5 (m_mult 1.50)
Jul 22 07:40:17 ubuntu-4gb-fsn1-1 python3[511985]: [2026-07-22 07:40:17] L-BID-REPRICE OPNUSDT: shallow reject (mkt 0.06849) -> re-placed maker @ 0.06848
Jul 22 07:40:17 ubuntu-4gb-fsn1-1 python3[511985]: [2026-07-22 07:40:17] L-ARM OPNUSDT: dip BUY 1150.0 @ 0.06848 (-1.2%) RS +10% | 1/4 (L1/S0)
Jul 22 07:41:38 ubuntu-4gb-fsn1-1 python3[511985]: [2026-07-22 07:41:38] L-FILL OPNUSDT @ 0.06848 TP 0.0705344 SL 0.0677952 [LONG OPEN]
Jul 22 07:51:08 ubuntu-4gb-fsn1-1 python3[511985]: [2026-07-22 07:51:08] SQF-ARM BANKUSDT: squeeze SELL 368.0 @ 0.14234 S5 $37,408 S15/L15 $64,898/$12,898 pump+5.3%
Jul 22 07:51:09 ubuntu-4gb-fsn1-1 python3[511985]: [2026-07-22 07:51:09] SQF-FILL BANKUSDT @ 0.141863 SL 0.14753 (+4%) hold 60m [SQUEEZE OPEN] | 2/4 (L1/S0/SQ1)
Jul 22 07:51:55 ubuntu-4gb-fsn1-1 python3[511985]: [2026-07-22 07:51:55] SQF-TRAIL-ARM BANKUSDT @ 0.1408 (fav +0.75%)
Jul 22 07:52:08 ubuntu-4gb-fsn1-1 python3[511985]: [2026-07-22 07:52:08] SQUEEZE-CLOSE BANKUSDT @ 0.140827 (TRAIL +0.63% = $+0.329) | 2W/0L realized $+0.60
Jul 22 07:52:08 ubuntu-4gb-fsn1-1 python3[511985]: [2026-07-22 07:52:08] SQF-CLOSE BANKUSDT @ 0.140827 (TRAIL)
Jul 22 07:52:11 ubuntu-4gb-fsn1-1 python3[511985]: [2026-07-22 07:52:11] SQF-ARM ERAUSDT: squeeze SELL 581.0 @ 0.09026 S5 $14,518 S15/L15 $14,518/$17 pump+5.6%
Jul 22 07:52:12 ubuntu-4gb-fsn1-1 python3[511985]: [2026-07-22 07:52:12] SQF-FILL ERAUSDT @ 0.09042 SL 0.09403 (+4%) hold 60m [SQUEEZE OPEN] | 2/4 (L1/S0/SQ1)
Jul 22 07:54:02 ubuntu-4gb-fsn1-1 python3[511985]: [2026-07-22 07:54:02] SQUEEZE-CLOSE ERAUSDT @ 0.09403 (SL -4.09% = $-2.150) | 2W/1L realized $-1.55
Jul 22 07:54:03 ubuntu-4gb-fsn1-1 python3[511985]: [2026-07-22 07:54:03] SQF-CLOSE ERAUSDT @ 0.09403 (SL)
Jul 22 07:56:11 ubuntu-4gb-fsn1-1 python3[511985]: [2026-07-22 07:56:11] SQF-ARM AKEUSDT: squeeze SELL 27735.0 @ 0.001844 S5 $17,694 S15/L15 $17,694/$0 pump+3.0%
Jul 22 07:56:12 ubuntu-4gb-fsn1-1 python3[511985]: [2026-07-22 07:56:12] SQF-FILL AKEUSDT @ 0.0018447 SL 0.0019184 (+4%) hold 60m [SQUEEZE OPEN] | 2/4 (L1/S0/SQ1)
Jul 22 08:00:32 ubuntu-4gb-fsn1-1 python3[511985]: [2026-07-22 08:00:32] SQF-TRAIL-ARM AKEUSDT @ 0.0018383 (fav +0.35%)
Jul 22 08:01:10 ubuntu-4gb-fsn1-1 python3[511985]: [2026-07-22 08:01:10] SQUEEZE-CLOSE AKEUSDT @ 0.0018459 (TRAIL -0.17% = $-0.084) | 2W/2L realized $-1.64
Jul 22 08:01:11 ubuntu-4gb-fsn1-1 python3[511985]: [2026-07-22 08:01:11] SQF-CLOSE AKEUSDT @ 0.0018459 (TRAIL)
Jul 22 08:05:15 ubuntu-4gb-fsn1-1 python3[511985]: [2026-07-22 08:05:15] LONG-CLOSE OPNUSDT @ 0.0697656 (TRAIL +1.81% = $+1.423) | 3W/2L realized $-0.22
Jul 22 08:06:02 ubuntu-4gb-fsn1-1 python3[511985]: [2026-07-22 08:06:02] L-ARM ZAMAUSDT: dip BUY 1276.0 @ 0.04087 (-1.2%) RS +22% | 1/4 (L1/S0)
Jul 22 08:12:07 ubuntu-4gb-fsn1-1 python3[511985]: [2026-07-22 08:12:07] SQF-ARM ACEUSDT: squeeze SELL 526.11 @ 0.09914 S5 $14,252 S15/L15 $14,494/$0 pump+8.4%
Jul 22 08:12:08 ubuntu-4gb-fsn1-1 python3[511985]: [2026-07-22 08:12:08] SQF-FILL ACEUSDT @ 0.09904 SL 0.103 (+4%) hold 60m [SQUEEZE OPEN] | 2/4 (L1/S0/SQ1)
Jul 22 08:12:19 ubuntu-4gb-fsn1-1 python3[511985]: [2026-07-22 08:12:19] SQF-TRAIL-ARM ACEUSDT @ 0.09842 (fav +0.63%)
Jul 22 08:13:48 ubuntu-4gb-fsn1-1 python3[511985]: [2026-07-22 08:13:48] SQUEEZE-CLOSE ACEUSDT @ 0.0990179 (TRAIL -0.08% = $-0.040) | 3W/3L realized $-0.26
Jul 22 08:13:48 ubuntu-4gb-fsn1-1 python3[511985]: [2026-07-22 08:13:48] SQF-CLOSE ACEUSDT @ 0.0990179 (TRAIL)
Jul 22 09:12:06 ubuntu-4gb-fsn1-1 python3[511985]: [2026-07-22 09:12:06] SQF-ARM DEXEUSDT: squeeze SELL 11.81 @ 4.413 S5 $12,502 S15/L15 $17,365/$0 pump+3.2%
Jul 22 09:12:07 ubuntu-4gb-fsn1-1 python3[511985]: [2026-07-22 09:12:07] SQF-FILL DEXEUSDT @ 4.415 SL 4.591 (+4%) hold 60m [SQUEEZE OPEN] | 2/4 (L1/S0/SQ1)
Jul 22 09:16:17 ubuntu-4gb-fsn1-1 python3[511985]: [2026-07-22 09:16:17] SQF-TRAIL-ARM DEXEUSDT @ 4.394 (fav +0.48%)
Jul 22 09:16:40 ubuntu-4gb-fsn1-1 python3[511985]: [2026-07-22 09:16:40] SQUEEZE-CLOSE DEXEUSDT @ 4.414 (TRAIL -0.08% = $-0.040) | 3W/4L realized $-0.30
Jul 22 09:16:40 ubuntu-4gb-fsn1-1 python3[511985]: [2026-07-22 09:16:40] SQF-CLOSE DEXEUSDT @ 4.414 (TRAIL)
Jul 22 09:25:05 ubuntu-4gb-fsn1-1 python3[511985]: [2026-07-22 09:25:05] SQF-ARM BANKUSDT: squeeze SELL 296.0 @ 0.17556 S5 $71,109 S15/L15 $74,372/$13,734 pump+2.6%
Jul 22 09:25:06 ubuntu-4gb-fsn1-1 python3[511985]: [2026-07-22 09:25:06] SQF-FILL BANKUSDT @ 0.17543 SL 0.18244 (+4%) hold 60m [SQUEEZE OPEN] | 2/4 (L1/S0/SQ1)
Jul 22 09:25:17 ubuntu-4gb-fsn1-1 python3[511985]: [2026-07-22 09:25:17] SQF-TRAIL-ARM BANKUSDT @ 0.17442 (fav +0.58%)
Jul 22 09:25:40 ubuntu-4gb-fsn1-1 python3[511985]: [2026-07-22 09:25:40] SQUEEZE-CLOSE BANKUSDT @ 0.17524 (TRAIL +0.01% = $+0.004) | 4W/4L realized $-0.29
Jul 22 09:25:40 ubuntu-4gb-fsn1-1 python3[511985]: [2026-07-22 09:25:40] SQF-CLOSE BANKUSDT @ 0.17524 (TRAIL)
Jul 22 09:27:46 ubuntu-4gb-fsn1-1 systemd[1]: Stopping greener.service - Greener bot (LIVE) — 2L/2S: liq-gated fade + E5 squeeze-fade shorts, snap + dip longs...
Jul 22 09:27:46 ubuntu-4gb-fsn1-1 systemd[1]: greener.service: Deactivated successfully.
Jul 22 09:27:46 ubuntu-4gb-fsn1-1 systemd[1]: Stopped greener.service - Greener bot (LIVE) — 2L/2S: liq-gated fade + E5 squeeze-fade shorts, snap + dip longs.
Jul 22 09:27:46 ubuntu-4gb-fsn1-1 systemd[1]: greener.service: Consumed 5min 32.850s CPU time over 2h 45min 51.803s wall clock time, 35.4M memory peak.
Jul 22 09:27:46 ubuntu-4gb-fsn1-1 systemd[1]: Started greener.service - Greener bot (LIVE) — 2L/2S: liq-gated fade + E5 squeeze-fade shorts, snap + dip longs.
Jul 22 09:27:47 ubuntu-4gb-fsn1-1 python3[517751]: [2026-07-22 09:27:47] GREENER BOT (🔴 LIVE) start — eq $69.47 | 4 slots (dip≤1/fade≤1/sqf≤1/mom≤2/snap≤1, 🔒total-long≤2) 3x | S1-LIQGATE@fill≥$1,000 | E5-SQF ON (S5≥$12,000 hold60m SL+4%) | DIP=maker dip-buy (TP+3.0% trail@0.8%/0.3%) | FADE=1h+15m (R3.0 trail@1%/0.5%) | MOM=OFF | SNAP=liq-snapback (A: THR$400k TP+0.8% cap1 liq-top40) | FUND-B=snap<0.1/fade>0.9 x1.5 | TREND=OFF | E=Kelly1.0 | hedge=True
Jul 22 09:32:08 ubuntu-4gb-fsn1-1 python3[517751]: [2026-07-22 09:32:08] SQF-ARM BANKUSDT: squeeze SELL 292.0 @ 0.17805 S5 $13,186 S15/L15 $85,402/$20,683 pump+7.4%
Jul 22 09:32:09 ubuntu-4gb-fsn1-1 python3[517751]: [2026-07-22 09:32:09] SQF-FILL BANKUSDT @ 0.178303 SL 0.18543 (+4%) hold 60m [SQUEEZE OPEN] | 2/4 (L1/S0/SQ1)
Jul 22 09:35:20 ubuntu-4gb-fsn1-1 python3[517751]: [2026-07-22 09:35:20] SQF-TRAIL-ARM BANKUSDT @ 0.1772 (fav +0.62%)
Jul 22 09:35:28 ubuntu-4gb-fsn1-1 python3[517751]: [2026-07-22 09:35:28] SQUEEZE-CLOSE BANKUSDT @ 0.177503 (TRAIL +0.35% = $+0.182) | 5W/4L realized $-0.11
Jul 22 09:35:38 ubuntu-4gb-fsn1-1 python3[517751]: [2026-07-22 09:35:38] SQF-CLOSE BANKUSDT @ 0.177503 (TRAIL)
Jul 22 09:35:46 ubuntu-4gb-fsn1-1 python3[517751]: [2026-07-22 09:35:46] L-FILL ZAMAUSDT @ 0.04087 TP 0.0420961 SL 0.0404613 [LONG OPEN]
Jul 22 09:45:23 ubuntu-4gb-fsn1-1 systemd[1]: Stopping greener.service - Greener bot (LIVE) — 2L/2S: liq-gated fade + E5 squeeze-fade shorts, snap + dip longs...
Jul 22 09:45:23 ubuntu-4gb-fsn1-1 systemd[1]: greener.service: Deactivated successfully.
Jul 22 09:45:23 ubuntu-4gb-fsn1-1 systemd[1]: Stopped greener.service - Greener bot (LIVE) — 2L/2S: liq-gated fade + E5 squeeze-fade shorts, snap + dip longs.
Jul 22 09:45:23 ubuntu-4gb-fsn1-1 systemd[1]: greener.service: Consumed 35.884s CPU time over 17min 37.113s wall clock time, 35M memory peak.
Jul 22 09:45:23 ubuntu-4gb-fsn1-1 systemd[1]: Started greener.service - Greener bot (LIVE) — 2L/2S: liq-gated fade + E5 squeeze-fade shorts, snap + dip longs.
Jul 22 09:45:24 ubuntu-4gb-fsn1-1 python3[518687]: [2026-07-22 09:45:24] GREENER BOT (🔴 LIVE) start — eq $69.64 | 4 slots (dip≤1/fade≤1/sqf≤1/mom≤2/snap≤1, 🔒total-long≤2) 3x | S1-LIQGATE@fill≥$1,000 | E5-SQF ON (S5≥$12,000 hold60m SL+2%) | DIP=maker dip-buy (TP+3.0% trail@0.8%/0.3%) | FADE=1h+15m (R3.0 trail@1%/0.5%) | MOM=OFF | SNAP=liq-snapback (A: THR$400k TP+0.8% cap1 liq-top40) | FUND-B=snap<0.1/fade>0.9 x1.5 | TREND=OFF | E=Kelly1.0 | hedge=True
Jul 22 09:46:49 ubuntu-4gb-fsn1-1 python3[518687]: [2026-07-22 09:46:49] LONG-CLOSE ZAMAUSDT @ 0.04102 (SL +0.30% = $+0.155) | 6W/4L realized $+0.04
Jul 22 09:51:09 ubuntu-4gb-fsn1-1 python3[518687]: [2026-07-22 09:51:09] SQF-ARM BANKUSDT: squeeze SELL 287.0 @ 0.18212 S5 $33,235 S15/L15 $42,019/$15,368 pump+1.8%
Jul 22 09:51:10 ubuntu-4gb-fsn1-1 python3[518687]: [2026-07-22 09:51:10] SQF-FILL BANKUSDT @ 0.18253 SL 0.18709 (+2%) hold 60m [SQUEEZE OPEN] | 1/4 (L0/S0/SQ1)
Jul 22 09:51:22 ubuntu-4gb-fsn1-1 python3[518687]: [2026-07-22 09:51:22] SQF-TRAIL-ARM BANKUSDT @ 0.18198 (fav +0.30%)
Jul 22 09:52:14 ubuntu-4gb-fsn1-1 python3[518687]: [2026-07-22 09:52:14] L-ARM ZAMAUSDT: dip BUY 1275.0 @ 0.04104 (-1.2%) RS +22% | 2/4 (L1/S0)
Jul 22 09:53:31 ubuntu-4gb-fsn1-1 python3[518687]: [2026-07-22 09:53:31] SQUEEZE-CLOSE BANKUSDT @ 0.184776 (TRAIL -1.33% = $-0.697) | 6W/5L realized $-0.65
Jul 22 09:53:31 ubuntu-4gb-fsn1-1 python3[518687]: [2026-07-22 09:53:31] SQF-CLOSE BANKUSDT @ 0.184776 (TRAIL)
Jul 22 09:54:25 ubuntu-4gb-fsn1-1 python3[518687]: [2026-07-22 09:54:25] L-FILL ZAMAUSDT @ 0.04104 TP 0.0422712 SL 0.0406296 [LONG OPEN]
Jul 22 10:04:06 ubuntu-4gb-fsn1-1 python3[518687]: [2026-07-22 10:04:06] SQF-ARM ERAUSDT: squeeze SELL 516.0 @ 0.10035 S5 $13,471 S15/L15 $13,471/$16 pump+1.8%
Jul 22 10:04:07 ubuntu-4gb-fsn1-1 python3[518687]: [2026-07-22 10:04:07] SQF-FILL ERAUSDT @ 0.100144 SL 0.10264 (+2%) hold 60m [SQUEEZE OPEN] | 2/4 (L1/S0/SQ1)
Jul 22 10:05:52 ubuntu-4gb-fsn1-1 python3[518687]: [2026-07-22 10:05:52] SQUEEZE-CLOSE ERAUSDT @ 0.10271 (SL -2.66% = $-1.376) | 6W/6L realized $-2.03
Jul 22 10:05:52 ubuntu-4gb-fsn1-1 python3[518687]: [2026-07-22 10:05:52] SQF-CLOSE ERAUSDT @ 0.10271 (SL)
Jul 22 10:06:03 ubuntu-4gb-fsn1-1 systemd[1]: Stopping greener.service - Greener bot (LIVE) — 2L/2S: liq-gated fade + E5 squeeze-fade shorts, snap + dip longs...
Jul 22 10:06:03 ubuntu-4gb-fsn1-1 systemd[1]: greener.service: Deactivated successfully.
Jul 22 10:06:03 ubuntu-4gb-fsn1-1 systemd[1]: Stopped greener.service - Greener bot (LIVE) — 2L/2S: liq-gated fade + E5 squeeze-fade shorts, snap + dip longs.
Jul 22 10:06:03 ubuntu-4gb-fsn1-1 systemd[1]: greener.service: Consumed 42.945s CPU time over 20min 39.846s wall clock time, 35.2M memory peak.
Jul 22 10:06:03 ubuntu-4gb-fsn1-1 systemd[1]: Started greener.service - Greener bot (LIVE) — 2L/2S: liq-gated fade + E5 squeeze-fade shorts, snap + dip longs.
Jul 22 10:06:04 ubuntu-4gb-fsn1-1 python3[519874]: [2026-07-22 10:06:04] GREENER BOT (🔴 LIVE) start — eq $67.73 | 4 slots (dip≤1/fade≤1/sqf≤1/mom≤2/snap≤1, 🔒total-long≤2) 3x | S1-LIQGATE@fill≥$1,000 | E5-SQF ON (S5≥$12,000 hold60m SL+2%) | DIP=maker dip-buy (TP+3.0% trail@0.8%/0.3%) | FADE=1h+15m (R3.0 trail@1%/0.5%) | MOM=OFF | SNAP=liq-snapback (A: THR$400k TP+0.8% cap1 liq-top40) | FUND-B=snap<0.1/fade>0.9 x1.5 | TREND=OFF | E=Kelly1.0 | hedge=True
Jul 22 10:10:07 ubuntu-4gb-fsn1-1 python3[519874]: [2026-07-22 10:10:07] SQF-ARM RIFUSDT: squeeze SELL 972.0 @ 0.05226 S5 $13,615 S15/L15 $26,471/$3,006 pump+5.3%
Jul 22 10:10:08 ubuntu-4gb-fsn1-1 python3[519874]: [2026-07-22 10:10:08] SQF-FILL RIFUSDT @ 0.05253 SL 0.05384 (+2%) hold 60m [SQUEEZE OPEN] | 2/4 (L1/S0/SQ1)
Jul 22 10:11:16 ubuntu-4gb-fsn1-1 python3[519874]: [2026-07-22 10:11:16] SQF-TRAIL-ARM RIFUSDT @ 0.05237 (fav +0.30%)
Jul 22 10:11:26 ubuntu-4gb-fsn1-1 python3[519874]: [2026-07-22 10:11:26] SQF-TRAIL-INSTANT RIFUSDT: placement rejected with px past the trigger — closing NOW
Jul 22 10:11:27 ubuntu-4gb-fsn1-1 python3[519874]: [2026-07-22 10:11:27] SQUEEZE-CLOSE RIFUSDT @ 0.0527985 (TRAIL -0.61% = $-0.312) | 6W/7L realized $-2.34
Jul 22 10:11:27 ubuntu-4gb-fsn1-1 python3[519874]: [2026-07-22 10:11:27] SQF-CLOSE RIFUSDT @ 0.0527985 (TRAIL)
Jul 22 10:12:01 ubuntu-4gb-fsn1-1 python3[519874]: [2026-07-22 10:12:01] LONG-CLOSE ZAMAUSDT @ 0.04176 (SL +1.68% = $+0.032) | 7W/7L realized $-2.31
Jul 22 10:12:53 ubuntu-4gb-fsn1-1 python3[519874]: [2026-07-22 10:12:53] L-ARM ZAMAUSDT: dip BUY 1243.0 @ 0.04067 (-1.2%) RS +22% | 1/4 (L1/S0)
Jul 22 10:20:24 ubuntu-4gb-fsn1-1 systemd[1]: Stopping greener.service - Greener bot (LIVE) — 2L/2S: liq-gated fade + E5 squeeze-fade shorts, snap + dip longs...
Jul 22 10:20:24 ubuntu-4gb-fsn1-1 systemd[1]: greener.service: Deactivated successfully.
Jul 22 10:20:24 ubuntu-4gb-fsn1-1 systemd[1]: Stopped greener.service - Greener bot (LIVE) — 2L/2S: liq-gated fade + E5 squeeze-fade shorts, snap + dip longs.
Jul 22 10:20:24 ubuntu-4gb-fsn1-1 systemd[1]: greener.service: Consumed 29.843s CPU time over 14min 21.843s wall clock time, 35M memory peak.
Jul 22 10:20:24 ubuntu-4gb-fsn1-1 systemd[1]: Started greener.service - Greener bot (LIVE) — 2L/2S: liq-gated fade + E5 squeeze-fade shorts, snap + dip longs.
Jul 22 10:20:25 ubuntu-4gb-fsn1-1 python3[520758]: [2026-07-22 10:20:25] GREENER BOT (🔴 LIVE) start — eq $67.45 | 4 slots (dip≤1/fade≤1/sqf≤1/mom≤2/snap≤1, 🔒total-long≤2) 3x | S1-LIQGATE@fill≥$1,000 | E5-SQF ON (S5≥$12,000 hold60m SL+2%) | DIP=maker dip-buy (TP+3.0% trail@0.8%/0.3%) | FADE=1h+15m (R3.0 trail@1%/0.5%) | MOM=OFF | SNAP=liq-snapback (A: THR$400k TP+0.8% cap1 liq-top40) | FUND-B=snap<0.1/fade>0.9 x1.5 | TREND=OFF | E=Kelly1.0 | hedge=True
Jul 22 10:21:19 ubuntu-4gb-fsn1-1 systemd[1]: Stopping greener.service - Greener bot (LIVE) — 2L/2S: liq-gated fade + E5 squeeze-fade shorts, snap + dip longs...
Jul 22 10:21:19 ubuntu-4gb-fsn1-1 systemd[1]: greener.service: Deactivated successfully.
Jul 22 10:21:19 ubuntu-4gb-fsn1-1 systemd[1]: Stopped greener.service - Greener bot (LIVE) — 2L/2S: liq-gated fade + E5 squeeze-fade shorts, snap + dip longs.
Jul 22 10:21:19 ubuntu-4gb-fsn1-1 systemd[1]: greener.service: Consumed 1.861s CPU time over 54.857s wall clock time, 30.9M memory peak.
Jul 22 10:21:19 ubuntu-4gb-fsn1-1 systemd[1]: Started greener.service - Greener bot (LIVE) — 2L/2S: liq-gated fade + E5 squeeze-fade shorts, snap + dip longs.
Jul 22 10:21:20 ubuntu-4gb-fsn1-1 python3[520769]: [2026-07-22 10:21:20] GREENER BOT (🔴 LIVE) start — eq $67.45 | 4 slots (dip≤1/fade≤1/sqf≤1/mom≤2/snap≤1, 🔒total-long≤2) 3x | S1-LIQGATE@fill≥$1,000 | E5-SQF ON (S5≥$12,000 hold60m SL+2%) | DIP=maker dip-buy (TP+3.0% trail@0.8%/0.3%) | FADE=1h+15m (R3.0 trail@1%/0.5%) | MOM=OFF | SNAP=liq-snapback (A: THR$400k TP+0.8% cap1 liq-top40) | FUND-B=snap<0.1/fade>0.9 x1.5 | TREND=OFF | E=Kelly1.0 | hedge=True
Jul 22 10:26:06 ubuntu-4gb-fsn1-1 python3[520769]: [2026-07-22 10:26:06] SQF-ARM DEXEUSDT: squeeze SELL 11.43 @ 4.425 S5 $15,659 S15/L15 $15,659/$0 pump+2.1%
Jul 22 10:26:07 ubuntu-4gb-fsn1-1 python3[520769]: [2026-07-22 10:26:07] SQF-FILL DEXEUSDT @ 4.426 SL 4.536 (+2%) hold 60m [SQUEEZE OPEN] | 2/4 (L1/S0/SQ1)
Jul 22 10:30:15 ubuntu-4gb-fsn1-1 python3[520769]: [2026-07-22 10:30:15] SQF-TRAIL-ARM DEXEUSDT @ 4.408 (fav +0.41%)
Jul 22 10:30:33 ubuntu-4gb-fsn1-1 python3[520769]: [2026-07-22 10:30:33] SQUEEZE-CLOSE DEXEUSDT @ 4.409 (TRAIL +0.28% = $+0.144) | 8W/7L realized $-2.16
Jul 22 10:30:33 ubuntu-4gb-fsn1-1 python3[520769]: [2026-07-22 10:30:33] SQF-CLOSE DEXEUSDT @ 4.409 (TRAIL)
Jul 22 10:31:05 ubuntu-4gb-fsn1-1 python3[520769]: [2026-07-22 10:31:05] SQF-ARM UNIUSDT: squeeze SELL 13.0 @ 3.78 S5 $17,874 S15/L15 $18,225/$0 pump+1.4%
Jul 22 10:31:06 ubuntu-4gb-fsn1-1 python3[520769]: [2026-07-22 10:31:06] SQF-FILL UNIUSDT @ 3.779 SL 3.873 (+2%) hold 60m [SQUEEZE OPEN] | 2/4 (L1/S0/SQ1)
Jul 22 10:59:07 ubuntu-4gb-fsn1-1 python3[520769]: [2026-07-22 10:59:07] SQF-TRAIL-ARM UNIUSDT @ 3.767 (fav +0.32%)
Jul 22 11:03:14 ubuntu-4gb-fsn1-1 python3[520769]: [2026-07-22 11:03:14] SQUEEZE-CLOSE UNIUSDT @ 3.791 (TRAIL -0.42% = $-0.205) | 8W/8L realized $-2.37
Jul 22 11:03:14 ubuntu-4gb-fsn1-1 python3[520769]: [2026-07-22 11:03:14] SQF-CLOSE UNIUSDT @ 3.791 (TRAIL)
Jul 22 11:03:18 ubuntu-4gb-fsn1-1 python3[520769]: [2026-07-22 11:03:18] SQF-ARM UBUSDT: squeeze SELL 416.0 @ 0.12177 S5 $14,546 S15/L15 $14,546/$0 pump+2.8%
Jul 22 11:03:19 ubuntu-4gb-fsn1-1 python3[520769]: [2026-07-22 11:03:19] SQF-FILL UBUSDT @ 0.12191 SL 0.12495 (+2%) hold 60m [SQUEEZE OPEN] | 2/4 (L1/S0/SQ1)
Jul 22 11:05:26 ubuntu-4gb-fsn1-1 python3[520769]: [2026-07-22 11:05:26] L-RUNAWAY ZAMAUSDT: ran +6.3% above dip limit — cancel & free slot | 1/4
Jul 22 11:05:56 ubuntu-4gb-fsn1-1 python3[520769]: [2026-07-22 11:05:56] L-ARM ONDOUSDT: dip BUY 124.5 @ 0.4058 (-1.2%) RS +28% | 2/4 (L1/S0)
Jul 22 11:10:40 ubuntu-4gb-fsn1-1 python3[520769]: [2026-07-22 11:10:40] SQF-TRAIL-ARM UBUSDT @ 0.12153 (fav +0.31%)
Jul 22 11:11:10 ubuntu-4gb-fsn1-1 python3[520769]: [2026-07-22 11:11:10] SQUEEZE-CLOSE UBUSDT @ 0.121796 (TRAIL -0.01% = $-0.003) | 8W/9L realized $-2.37
Jul 22 11:11:10 ubuntu-4gb-fsn1-1 python3[520769]: [2026-07-22 11:11:10] SQF-CLOSE UBUSDT @ 0.121796 (TRAIL)
Jul 22 11:11:13 ubuntu-4gb-fsn1-1 python3[520769]: [2026-07-22 11:11:13] SQF-ARM ESPORTSUSDT: squeeze SELL 1646.0 @ 0.03069 S5 $29,131 S15/L15 $29,131/$0 pump+5.0%
Jul 22 11:11:14 ubuntu-4gb-fsn1-1 python3[520769]: [2026-07-22 11:11:14] SQF-FILL ESPORTSUSDT @ 0.03076 SL 0.03152 (+2%) hold 60m [SQUEEZE OPEN] | 2/4 (L1/S0/SQ1)
Jul 22 11:13:22 ubuntu-4gb-fsn1-1 python3[520769]: [2026-07-22 11:13:22] SQF-TRAIL-ARM ESPORTSUSDT @ 0.03058 (fav +0.59%)
Jul 22 11:13:23 ubuntu-4gb-fsn1-1 python3[520769]: [2026-07-22 11:13:23] SQUEEZE-CLOSE ESPORTSUSDT @ 0.03066 (SL +0.23% = $+0.114) | 9W/9L realized $-2.26
Jul 22 11:13:24 ubuntu-4gb-fsn1-1 python3[520769]: [2026-07-22 11:13:24] SQF-CLOSE ESPORTSUSDT @ 0.03066 (SL)
Jul 22 11:14:36 ubuntu-4gb-fsn1-1 systemd[1]: Stopping greener.service - Greener bot (LIVE) — 2L/2S: liq-gated fade + E5 squeeze-fade shorts, snap + dip longs...
Jul 22 11:14:36 ubuntu-4gb-fsn1-1 systemd[1]: greener.service: Deactivated successfully.
Jul 22 11:14:36 ubuntu-4gb-fsn1-1 systemd[1]: Stopped greener.service - Greener bot (LIVE) — 2L/2S: liq-gated fade + E5 squeeze-fade shorts, snap + dip longs.
Jul 22 11:14:36 ubuntu-4gb-fsn1-1 systemd[1]: greener.service: Consumed 1min 38.580s CPU time over 53min 17.122s wall clock time, 35.5M memory peak.
Jul 22 11:14:36 ubuntu-4gb-fsn1-1 systemd[1]: Started greener.service - Greener bot (LIVE) — 2L/2S: liq-gated fade + E5 squeeze-fade shorts, snap + dip longs.
Jul 22 11:14:37 ubuntu-4gb-fsn1-1 python3[521937]: [2026-07-22 11:14:37] GREENER BOT (🔴 LIVE) start — eq $67.50 | 4 slots (dip≤1/fade≤1/sqf≤1/mom≤2/snap≤1, 🔒total-long≤2) 3x | S1-LIQGATE@fill≥$1,000 | E5-SQF ON (S5≥$12,000 hold60m SL+2%) | DIP=maker dip-buy (TP+3.0% trail@0.8%/0.3%) | FADE=1h+15m (R3.0 trail@1%/0.5%) | MOM=OFF | SNAP=liq-snapback (A: THR$400k TP+0.8% cap1 liq-top40) | FUND-B=snap<0.1/fade>0.9 x1.5 | TREND=OFF | E=Kelly1.0 | hedge=True
Jul 22 11:18:09 ubuntu-4gb-fsn1-1 python3[521937]: [2026-07-22 11:18:09] SQF-ARM PROMUSDT: squeeze SELL 30.6 @ 1.652 S5 $24,754 S15/L15 $24,754/$5 pump+6.3%
Jul 22 11:18:10 ubuntu-4gb-fsn1-1 python3[521937]: [2026-07-22 11:18:10] SQF-FILL PROMUSDT @ 1.653 SL 1.694 (+2%) hold 60m [SQUEEZE OPEN] | 2/4 (L1/S0/SQ1)
Jul 22 11:22:31 ubuntu-4gb-fsn1-1 python3[521937]: [2026-07-22 11:22:31] SQUEEZE-CLOSE PROMUSDT @ 1.695 (SL -2.64% = $-1.336) | 9W/10L realized $-3.59
Jul 22 11:22:41 ubuntu-4gb-fsn1-1 python3[521937]: [2026-07-22 11:22:41] SQF-CLOSE PROMUSDT @ 1.695 (SL)
Jul 22 11:25:05 ubuntu-4gb-fsn1-1 systemd[1]: Stopping greener.service - Greener bot (LIVE) — 2L/2S: liq-gated fade + E5 squeeze-fade shorts, snap + dip longs...
Jul 22 11:25:05 ubuntu-4gb-fsn1-1 systemd[1]: greener.service: Deactivated successfully.
Jul 22 11:25:05 ubuntu-4gb-fsn1-1 systemd[1]: Stopped greener.service - Greener bot (LIVE) — 2L/2S: liq-gated fade + E5 squeeze-fade shorts, snap + dip longs.
Jul 22 11:25:05 ubuntu-4gb-fsn1-1 systemd[1]: greener.service: Consumed 20.506s CPU time over 10min 28.696s wall clock time, 34.9M memory peak.
